0 info it worked if it ends with ok
1 verbose cli [ '/Users/sellarafaeli/.nvm/versions/node/v6.6.0/bin/node',
1 verbose cli   '/Users/sellarafaeli/.nvm/versions/node/v6.6.0/bin/npm',
1 verbose cli   'start' ]
2 info using npm@3.10.3
3 info using node@v6.6.0
4 verbose run-script [ 'prestart', 'start', 'poststart' ]
5 info lifecycle adminApp@1.0.0~prestart: adminApp@1.0.0
6 silly lifecycle adminApp@1.0.0~prestart: no script for prestart, continuing
7 info lifecycle adminApp@1.0.0~start: adminApp@1.0.0
8 verbose lifecycle adminApp@1.0.0~start: unsafe-perm in lifecycle true
9 verbose lifecycle adminApp@1.0.0~start: PATH: /Users/sellarafaeli/.nvm/versions/node/v6.6.0/lib/node_modules/npm/bin/node-gyp-bin:/Users/sellarafaeli/Code/adminApp/node_modules/.bin:/Users/sellarafaeli/.nvm/versions/node/v6.6.0/bin:/Users/sellarafaeli/.rvm/gems/ruby-2.2.1/bin:/Users/sellarafaeli/.rvm/gems/ruby-2.2.1@global/bin:/Users/sellarafaeli/.rvm/rubies/ruby-2.2.1/bin:/Users/sellarafaeli/.nvm/versions/node/v6.6.0/bin:~/Code/android-sdk-macosx\ 2/platform-tools:/usr/local/heroku/bin:~/Code/android-sdk-macosx\ 2/platform-tools:/usr/local/heroku/bin:/usr/local/bin:/usr/bin:/bin:/usr/sbin:/sbin:/usr/local/mysql/bin:/usr/local/sbin:/usr/local/sbin:/Users/sellarafaeli/.rvm/bin
10 verbose lifecycle adminApp@1.0.0~start: CWD: /Users/sellarafaeli/Code/adminApp
11 silly lifecycle adminApp@1.0.0~start: Args: [ '-c',
11 silly lifecycle   'tsc && concurrently "tsc -w" "nodemon --inspect ./server/server.js" ' ]
12 silly lifecycle adminApp@1.0.0~start: Returned: code: 2  signal: null
13 info lifecycle adminApp@1.0.0~start: Failed to exec start script
14 verbose stack Error: adminApp@1.0.0 start: `tsc && concurrently "tsc -w" "nodemon --inspect ./server/server.js" `
14 verbose stack Exit status 2
14 verbose stack     at EventEmitter.<anonymous> (/Users/sellarafaeli/.nvm/versions/node/v6.6.0/lib/node_modules/npm/lib/utils/lifecycle.js:242:16)
14 verbose stack     at emitTwo (events.js:106:13)
14 verbose stack     at EventEmitter.emit (events.js:191:7)
14 verbose stack     at ChildProcess.<anonymous> (/Users/sellarafaeli/.nvm/versions/node/v6.6.0/lib/node_modules/npm/lib/utils/spawn.js:40:14)
14 verbose stack     at emitTwo (events.js:106:13)
14 verbose stack     at ChildProcess.emit (events.js:191:7)
14 verbose stack     at maybeClose (internal/child_process.js:877:16)
14 verbose stack     at Process.ChildProcess._handle.onexit (internal/child_process.js:226:5)
15 verbose pkgid adminApp@1.0.0
16 verbose cwd /Users/sellarafaeli/Code/adminApp
17 error Darwin 14.1.0
18 error argv "/Users/sellarafaeli/.nvm/versions/node/v6.6.0/bin/node" "/Users/sellarafaeli/.nvm/versions/node/v6.6.0/bin/npm" "start"
19 error node v6.6.0
20 error npm  v3.10.3
21 error code ELIFECYCLE
22 error adminApp@1.0.0 start: `tsc && concurrently "tsc -w" "nodemon --inspect ./server/server.js" `
22 error Exit status 2
23 error Failed at the adminApp@1.0.0 start script 'tsc && concurrently "tsc -w" "nodemon --inspect ./server/server.js" '.
23 error Make sure you have the latest version of node.js and npm installed.
23 error If you do, this is most likely a problem with the adminApp package,
23 error not with npm itself.
23 error Tell the author that this fails on your system:
23 error     tsc && concurrently "tsc -w" "nodemon --inspect ./server/server.js"
23 error You can get information on how to open an issue for this project with:
23 error     npm bugs adminApp
23 error Or if that isn't available, you can get their info via:
23 error     npm owner ls adminApp
23 error There is likely additional logging output above.
24 verbose exit [ 1, true ]
